[2025-06-12T10:41:21.181Z] INFO: 🚀 开始智能数据更新流程 - HANABI
[2025-06-12T10:41:21.186Z] INFO: 📍 更新地区: tokyo
[2025-06-12T10:41:21.187Z] INFO: 📦 创建数据备份...
[2025-06-12T10:41:21.382Z] INFO: ✅ 备份完成: C:\Users\GAKU\Desktop\Kanto Guide\backups\backup-2025-06-12T10-41-21-188Z
[2025-06-12T10:41:21.382Z] INFO: 🔍 从官方源获取高质量数据...
[2025-06-12T10:41:21.383Z] INFO: ✅ 获取到 3 条高质量数据
[2025-06-12T10:41:21.383Z] INFO: 📊 分析现有页面结构...
[2025-06-12T10:41:21.384Z] INFO: ✅ 分析完成，发现 1 个页面
[2025-06-12T10:41:21.384Z] INFO: 📋 制定更新计划...
[2025-06-12T10:41:21.385Z] INFO: ✅ 计划更新 0 个页面
[2025-06-12T10:41:21.385Z] INFO: ✅ 计划添加 0 个活动
[2025-06-12T10:41:21.385Z] INFO: 🔧 执行页面更新...
[2025-06-12T10:41:21.386Z] INFO: ✅ 更新完成！
[2025-06-12T10:45:44.927Z] INFO: 🚀 开始智能数据更新流程 - MATSURI
[2025-06-12T10:45:44.930Z] INFO: 📍 更新地区: tokyo, kanagawa, chiba, saitama, kitakanto, koshinetsu
[2025-06-12T10:45:44.931Z] INFO: 📦 创建数据备份...
[2025-06-12T10:45:45.105Z] INFO: ✅ 备份完成: C:\Users\GAKU\Desktop\Kanto Guide\backups\backup-2025-06-12T10-45-44-931Z
[2025-06-12T10:45:45.106Z] INFO: 🔍 从官方源获取高质量数据...
[2025-06-12T10:45:45.106Z] INFO: ✅ 获取到 2 条高质量数据
[2025-06-12T10:45:45.106Z] INFO: 📊 分析现有页面结构...
[2025-06-12T10:45:45.107Z] INFO: ✅ 分析完成，发现 6 个页面
[2025-06-12T10:45:45.108Z] INFO: 📋 制定更新计划...
[2025-06-12T10:45:45.108Z] INFO: ✅ 计划更新 0 个页面
[2025-06-12T10:45:45.109Z] INFO: ✅ 计划添加 0 个活动
[2025-06-12T10:45:45.109Z] INFO: 🔧 执行页面更新...
[2025-06-12T10:45:45.109Z] INFO: 🔍 验证更新结果...
[2025-06-12T10:45:45.110Z] ERROR: ❌ 验证失败: tokyo
[2025-06-12T10:45:45.110Z] ERROR: ❌ 验证失败: kanagawa
[2025-06-12T10:45:45.111Z] ERROR: ❌ 验证失败: chiba
[2025-06-12T10:45:45.111Z] ERROR: ❌ 验证失败: saitama
[2025-06-12T10:45:45.111Z] ERROR: ❌ 验证失败: kitakanto
[2025-06-12T10:45:45.112Z] ERROR: ❌ 验证失败: koshinetsu
[2025-06-12T10:45:45.112Z] WARN: ⚠️ 部分更新验证失败
[2025-06-12T10:45:45.112Z] INFO: ✅ 更新完成！
[2025-06-12T10:54:07.340Z] INFO: 🚀 开始智能数据更新流程 - MATSURI
[2025-06-12T10:54:07.344Z] INFO: 📍 更新地区: tokyo, kanagawa, chiba, saitama, kitakanto, koshinetsu
[2025-06-12T10:54:07.344Z] INFO: 📦 创建数据备份...
[2025-06-12T10:54:07.517Z] INFO: ✅ 备份完成: C:\Users\GAKU\Desktop\Kanto Guide\backups\backup-2025-06-12T10-54-07-345Z
[2025-06-12T10:54:07.517Z] INFO: 🔍 从官方源获取高质量数据...
[2025-06-12T10:54:07.518Z] INFO: ✅ 获取到 2 条高质量数据
[2025-06-12T10:54:07.518Z] INFO: 📊 分析现有页面结构...
[2025-06-12T10:54:07.519Z] INFO: ✅ 分析完成，发现 6 个页面
[2025-06-12T10:54:07.520Z] INFO: 📋 制定更新计划...
[2025-06-12T10:54:07.520Z] INFO: ✅ 计划更新 0 个页面
[2025-06-12T10:54:07.520Z] INFO: ✅ 计划添加 0 个活动
[2025-06-12T10:54:07.521Z] INFO: 🔧 执行页面更新...
[2025-06-12T10:54:07.521Z] INFO: 🔍 验证更新结果...
[2025-06-12T10:54:07.522Z] ERROR: ❌ 验证失败: tokyo
[2025-06-12T10:54:07.522Z] ERROR: ❌ 验证失败: kanagawa
[2025-06-12T10:54:07.522Z] ERROR: ❌ 验证失败: chiba
[2025-06-12T10:54:07.523Z] ERROR: ❌ 验证失败: saitama
[2025-06-12T10:54:07.523Z] ERROR: ❌ 验证失败: kitakanto
[2025-06-12T10:54:07.524Z] ERROR: ❌ 验证失败: koshinetsu
[2025-06-12T10:54:07.524Z] WARN: ⚠️ 部分更新验证失败
[2025-06-12T10:54:07.524Z] INFO: ✅ 更新完成！
[2025-06-15T06:49:55.438Z] INFO: 🚀 开始智能数据更新流程 - MATSURI
[2025-06-15T06:49:55.442Z] INFO: 📍 更新地区: tokyo, kanagawa, chiba, saitama, kitakanto, koshinetsu
[2025-06-15T06:49:55.442Z] INFO: 📦 创建数据备份...
[2025-06-15T06:49:55.690Z] INFO: ✅ 备份完成: C:\Users\GAKU\Desktop\Kanto Guide\backups\backup-2025-06-15T06-49-55-442Z
[2025-06-15T06:49:55.691Z] INFO: 🔍 从官方源获取高质量数据...
[2025-06-15T06:49:55.691Z] INFO: ✅ 获取到 2 条高质量数据
[2025-06-15T06:49:55.691Z] INFO: 📊 分析现有页面结构...
[2025-06-15T06:49:55.693Z] INFO: ✅ 分析完成，发现 6 个页面
[2025-06-15T06:49:55.693Z] INFO: 📋 制定更新计划...
[2025-06-15T06:49:55.694Z] INFO: ✅ 计划更新 0 个页面
[2025-06-15T06:49:55.694Z] INFO: ✅ 计划添加 0 个活动
[2025-06-15T06:49:55.694Z] INFO: 🔧 执行页面更新...
[2025-06-15T06:49:55.695Z] INFO: 🔍 验证更新结果...
[2025-06-15T06:49:55.695Z] ERROR: ❌ 验证失败: tokyo
[2025-06-15T06:49:55.696Z] ERROR: ❌ 验证失败: kanagawa
[2025-06-15T06:49:55.696Z] ERROR: ❌ 验证失败: chiba
[2025-06-15T06:49:55.697Z] ERROR: ❌ 验证失败: saitama
[2025-06-15T06:49:55.697Z] ERROR: ❌ 验证失败: kitakanto
[2025-06-15T06:49:55.697Z] ERROR: ❌ 验证失败: koshinetsu
[2025-06-15T06:49:55.698Z] WARN: ⚠️ 部分更新验证失败
[2025-06-15T06:49:55.698Z] INFO: ✅ 更新完成！
